{"synthetic": false,
 "schemaVersion": "2025-09-10",
 "outputs":
 {"o": ["b95cc3d2ecbbd8b8.olean"],
  "i": "fb804d294de04d35.ilean",
  "c": "896513dd9c122096.c"},
 "log":
 [{"message":
   ".> LEAN_PATH=/Users/lixinze/RicciFlow/.lake/packages/batteries/.lake/build/lib/lean:/Users/lixinze/RicciFlow/.lake/packages/Qq/.lake/build/lib/lean:/Users/lixinze/RicciFlow/.lake/packages/aesop/.lake/build/lib/lean:/Users/lixinze/RicciFlow/.lake/packages/proofwidgets/.lake/build/lib/lean:/Users/lixinze/RicciFlow/.lake/packages/importGraph/.lake/build/lib/lean:/Users/lixinze/RicciFlow/.lake/packages/LeanSearchClient/.lake/build/lib/lean:/Users/lixinze/RicciFlow/.lake/packages/plausible/.lake/build/lib/lean:/Users/lixinze/RicciFlow/.lake/packages/MD4Lean/.lake/build/lib/lean:/Users/lixinze/RicciFlow/.lake/packages/BibtexQuery/.lake/build/lib/lean:/Users/lixinze/RicciFlow/.lake/packages/UnicodeBasic/.lake/build/lib/lean:/Users/lixinze/RicciFlow/.lake/packages/Cli/.lake/build/lib/lean:/Users/lixinze/RicciFlow/.lake/packages/mathlib/.lake/build/lib/lean:/Users/lixinze/RicciFlow/.lake/packages/doc-gen4/.lake/build/lib/lean:/Users/lixinze/RicciFlow/.lake/build/lib/lean /Users/lixinze/.elan/toolchains/leanprover--lean4---v4.25.0-rc2/bin/lean /Users/lixinze/RicciFlow/RicciFlow/Flow.lean -o /Users/lixinze/RicciFlow/.lake/build/lib/lean/RicciFlow/Flow.olean -i /Users/lixinze/RicciFlow/.lake/build/lib/lean/RicciFlow/Flow.ilean -c /Users/lixinze/RicciFlow/.lake/build/ir/RicciFlow/Flow.c --setup /Users/lixinze/RicciFlow/.lake/build/ir/RicciFlow/Flow.setup.json --json",
   "level": "trace"}],
 "inputs":
 [["RicciFlow.Flow:deps",
   [["deps",
     [["ricciflow/RicciFlow:extraDep",
       [["@ricciflow:extraDep", "00000000000006bb"]]],
      ["imports",
       [["Mathlib.Analysis.Calculus.Deriv.Basic transitive imports (legacy)",
         "e77268fc786a1f2e"],
        ["Mathlib.Analysis.Calculus.Deriv.Basic:importAllArts",
         "a8712293dadbb8eb"],
        ["Mathlib.Topology.Basic transitive imports (legacy)",
         "88f6d56eb388b526"],
        ["Mathlib.Topology.Basic:importAllArts", "ad71fdb9cdffd338"],
        ["RicciFlow.RiemannianManifold transitive imports (legacy)",
         "f2079e867a52b244"],
        ["RicciFlow.RiemannianManifold:importAllArts", "9e036d2d3d2ad038"],
        ["RicciFlow.RicciCurvature transitive imports (legacy)",
         "ff4295662afe0804"],
        ["RicciFlow.RicciCurvature:importAllArts", "44d5bd96aba6c34d"]]]]],
    ["libs",
     [["import dynlibs", "00000000000006bb"],
      ["package external libraries", "00000000000006bb"],
      ["module dynlibs", "00000000000006bb"],
      ["module plugins", "00000000000006bb"]]]]],
  ["Lean 4.25.0, commit 744f98064b056ee27fc8c97f524797c8cc96f436",
   "4bbac11c6209e48b"],
  ["/Users/lixinze/RicciFlow/RicciFlow/Flow.lean", "cebdfa64a834add2"],
  ["options", "00000000000006bb"],
  ["Module.leanArgs: #[]", "00000000000006bb"]],
 "depHash": "2d0a033d5846b036"}