{"synthetic": false,
 "schemaVersion": "2025-09-10",
 "outputs":
 {"o": ["7dab3f4ac2c3bfc6.olean"],
  "i": "a267c955032900bf.ilean",
  "c": "21d349299c425834.c"},
 "log":
 [{"message":
   ".> LEAN_PATH=/Users/lixinze/RicciFlow/.lake/packages/batteries/.lake/build/lib/lean:/Users/lixinze/RicciFlow/.lake/packages/Qq/.lake/build/lib/lean:/Users/lixinze/RicciFlow/.lake/packages/aesop/.lake/build/lib/lean:/Users/lixinze/RicciFlow/.lake/packages/proofwidgets/.lake/build/lib/lean:/Users/lixinze/RicciFlow/.lake/packages/importGraph/.lake/build/lib/lean:/Users/lixinze/RicciFlow/.lake/packages/LeanSearchClient/.lake/build/lib/lean:/Users/lixinze/RicciFlow/.lake/packages/plausible/.lake/build/lib/lean:/Users/lixinze/RicciFlow/.lake/packages/MD4Lean/.lake/build/lib/lean:/Users/lixinze/RicciFlow/.lake/packages/BibtexQuery/.lake/build/lib/lean:/Users/lixinze/RicciFlow/.lake/packages/UnicodeBasic/.lake/build/lib/lean:/Users/lixinze/RicciFlow/.lake/packages/Cli/.lake/build/lib/lean:/Users/lixinze/RicciFlow/.lake/packages/mathlib/.lake/build/lib/lean:/Users/lixinze/RicciFlow/.lake/packages/doc-gen4/.lake/build/lib/lean:/Users/lixinze/RicciFlow/.lake/build/lib/lean /Users/lixinze/.elan/toolchains/leanprover--lean4---v4.25.0-rc2/bin/lean /Users/lixinze/RicciFlow/RicciFlow/RicciCurvature.lean -o /Users/lixinze/RicciFlow/.lake/build/lib/lean/RicciFlow/RicciCurvature.olean -i /Users/lixinze/RicciFlow/.lake/build/lib/lean/RicciFlow/RicciCurvature.ilean -c /Users/lixinze/RicciFlow/.lake/build/ir/RicciFlow/RicciCurvature.c --setup /Users/lixinze/RicciFlow/.lake/build/ir/RicciFlow/RicciCurvature.setup.json --json",
   "level": "trace"}],
 "inputs":
 [["RicciFlow.RicciCurvature:deps",
   [["deps",
     [["ricciflow/RicciFlow:extraDep",
       [["@ricciflow:extraDep", "00000000000006bb"]]],
      ["imports",
       [["Mathlib.Data.Real.Basic transitive imports (legacy)",
         "4d82470b4750a557"],
        ["Mathlib.Data.Real.Basic:importAllArts", "6e8abc764d84e9d4"],
        ["RicciFlow.RiemannianManifold transitive imports (legacy)",
         "f2079e867a52b244"],
        ["RicciFlow.RiemannianManifold:importAllArts", "9e036d2d3d2ad038"]]]]],
    ["libs",
     [["import dynlibs", "00000000000006bb"],
      ["package external libraries", "00000000000006bb"],
      ["module dynlibs", "00000000000006bb"],
      ["module plugins", "00000000000006bb"]]]]],
  ["Lean 4.25.0, commit 744f98064b056ee27fc8c97f524797c8cc96f436",
   "4bbac11c6209e48b"],
  ["/Users/lixinze/RicciFlow/RicciFlow/RicciCurvature.lean",
   "bdf09586e08b5572"],
  ["options", "00000000000006bb"],
  ["Module.leanArgs: #[]", "00000000000006bb"]],
 "depHash": "5628739fcbcc5df3"}