{"synthetic": false,
 "schemaVersion": "2025-09-10",
 "outputs":
 {"o": ["0aa64c0e4212c27d.olean"],
  "i": "288a615bcfdb0f26.ilean",
  "c": "f08071e1ca9b7de3.c"},
 "log":
 [{"message":
   ".> LEAN_PATH=/Users/lixinze/RicciFlow/.lake/packages/Cli/.lake/build/lib/lean:/Users/lixinze/RicciFlow/.lake/packages/batteries/.lake/build/lib/lean:/Users/lixinze/RicciFlow/.lake/packages/Qq/.lake/build/lib/lean:/Users/lixinze/RicciFlow/.lake/packages/aesop/.lake/build/lib/lean:/Users/lixinze/RicciFlow/.lake/packages/proofwidgets/.lake/build/lib/lean:/Users/lixinze/RicciFlow/.lake/packages/importGraph/.lake/build/lib/lean:/Users/lixinze/RicciFlow/.lake/packages/LeanSearchClient/.lake/build/lib/lean:/Users/lixinze/RicciFlow/.lake/packages/plausible/.lake/build/lib/lean:/Users/lixinze/RicciFlow/.lake/packages/mathlib/.lake/build/lib/lean:/Users/lixinze/RicciFlow/.lake/build/lib/lean /Users/lixinze/.elan/toolchains/leanprover--lean4---v4.25.0-rc2/bin/lean /Users/lixinze/RicciFlow/RicciFlow.lean -o /Users/lixinze/RicciFlow/.lake/build/lib/lean/RicciFlow.olean -i /Users/lixinze/RicciFlow/.lake/build/lib/lean/RicciFlow.ilean -c /Users/lixinze/RicciFlow/.lake/build/ir/RicciFlow.c --setup /Users/lixinze/RicciFlow/.lake/build/ir/RicciFlow.setup.json --json",
   "level": "trace"}],
 "inputs":
 [["RicciFlow:deps",
   [["deps",
     [["ricciflow/RicciFlow:extraDep",
       [["@ricciflow:extraDep", "00000000000006bb"]]],
      ["imports",
       [["RicciFlow.Basic transitive imports (legacy)", "1636e2b8ffc2f287"],
        ["RicciFlow.Basic:importAllArts", "e8a24de10b3f2f35"],
        ["RicciFlow.RiemannianManifold transitive imports (legacy)",
         "0c5199e04a8a065c"],
        ["RicciFlow.RiemannianManifold:importAllArts", "cd3508df1ff86ea7"],
        ["RicciFlow.RicciCurvature transitive imports (legacy)",
         "009dbfddee224049"],
        ["RicciFlow.RicciCurvature:importAllArts", "3401bd4297d07b95"],
        ["RicciFlow.Flow transitive imports (legacy)", "3a6337f7aca66677"],
        ["RicciFlow.Flow:importAllArts", "0a5fa1e3b14e2775"]]]]],
    ["libs",
     [["import dynlibs", "00000000000006bb"],
      ["package external libraries", "00000000000006bb"],
      ["module dynlibs", "00000000000006bb"],
      ["module plugins", "00000000000006bb"]]]]],
  ["Lean 4.25.0, commit 744f98064b056ee27fc8c97f524797c8cc96f436",
   "4bbac11c6209e48b"],
  ["/Users/lixinze/RicciFlow/RicciFlow.lean", "fa89abc1eb8abe62"],
  ["options", "00000000000006bb"],
  ["Module.leanArgs: #[]", "00000000000006bb"]],
 "depHash": "b95f19873ec97524"}